<?xml version="1.0" encoding="UTF-8"?>
<!-- Generated by org.testng.reporters.JUnitReportReporter -->
<testsuite hostname="DESKTOP-60R1TVU" failures="0" tests="1" name="MindtreeCompany.ExtentReports.ExtentReport_Demo" time="19.786" errors="0" timestamp="2022-05-10T12:40:10 IST" skipped="0">
  <testcase classname="MindtreeCompany.ExtentReports.ExtentReport_Demo" name="initialdemo" time="19.786"/>
  <system-out/>
</testsuite> <!-- MindtreeCompany.ExtentReports.ExtentReport_Demo -->
